./code/serial_worker.py:11: RuntimeWarning: This channel is already in use, continuing anyway.  Use GPIO.setwarnings(False) to disable warnings.
  GPIO.setup(Config.EN_485, GPIO.OUT)
write to 485 01 04 00 00 00 46 71 F8
write to 485 01 04 00 00 00 46 71 F8
write to 485 01 04 00 00 00 46 71 F8
write to 485 01 04 00 00 00 46 71 F8
write to 485 01 04 00 00 00 46 71 F8
write to 485 01 04 00 00 00 46 71 F8
write to 485 01 04 00 00 00 46 71 F8
write to 485 01 04 00 00 00 46 71 F8
write to 485 01 04 00 00 00 46 71 F8
write to 485 01 04 00 00 00 46 71 F8
write to 485 01 04 00 00 00 46 71 F8
write to 485 01 04 00 00 00 46 71 F8
write to 485 01 04 00 00 00 46 71 F8
write to 485 01 04 00 00 00 46 71 F8
write to 485 01 04 00 00 00 46 71 F8
write to 485 01 04 00 00 00 46 71 F8
write to 485 01 04 00 00 00 46 71 F8
write to 485 01 04 00 00 00 46 71 F8
write to 485 01 04 00 00 00 46 71 F8
write to 485 01 04 00 00 00 46 71 F8
write to 485 01 04 00 00 00 46 71 F8
write to 485 01 04 00 00 00 46 71 F8
write to 485 01 04 00 00 00 46 71 F8
write to 485 01 04 00 00 00 46 71 F8
write to 485 01 04 00 00 00 46 71 F8
write to 485 01 04 00 00 00 46 71 F8
write to 485 01 04 00 00 00 46 71 F8
write to 485 01 04 00 00 00 46 71 F8
write to 485 01 04 00 00 00 46 71 F8
write to 485 01 04 00 00 00 46 71 F8
write to 485 01 04 00 00 00 46 71 F8
write to 485 01 04 00 00 00 46 71 F8
write to 485 01 04 00 00 00 46 71 F8
write to 485 01 04 00 00 00 46 71 F8
write to 485 01 04 00 00 00 46 71 F8
write to 485 01 04 00 00 00 46 71 F8
write to 485 01 04 00 00 00 46 71 F8
write to 485 01 04 00 00 00 46 71 F8
write to 485 01 04 00 00 00 46 71 F8
write to 485 01 04 00 00 00 46 71 F8
write to 485 01 04 00 00 00 46 71 F8
write to 485 01 04 00 00 00 46 71 F8
write to 485 01 04 00 00 00 46 71 F8
write to 485 01 04 00 00 00 46 71 F8
write to 485 01 04 00 00 00 46 71 F8
write to 485 01 04 00 00 00 46 71 F8
write to 485 01 04 00 00 00 46 71 F8
write to 485 01 04 00 00 00 46 71 F8
write to 485 01 04 00 00 00 46 71 F8
write to 485 01 04 00 00 00 46 71 F8
write to 485 01 04 00 00 00 46 71 F8
write to 485 01 04 00 00 00 46 71 F8
write to 485 01 04 00 00 00 46 71 F8
write to 485 01 04 00 00 00 46 71 F8
write to 485 01 04 00 00 00 46 71 F8
write to 485 01 04 00 00 00 46 71 F8
write to 485 01 04 00 00 00 46 71 F8
write to 485 01 04 00 00 00 46 71 F8
write to 485 01 04 00 00 00 46 71 F8
write to 485 01 04 00 00 00 46 71 F8
write to 485 01 04 00 00 00 46 71 F8
write to 485 01 04 00 00 00 46 71 F8
write to 485 01 04 00 00 00 46 71 F8
write to 485 01 04 00 00 00 46 71 F8
write to 485 01 04 00 00 00 46 71 F8
write to 485 01 04 00 00 00 46 71 F8
write to 485 01 04 00 00 00 46 71 F8
write to 485 01 04 00 00 00 46 71 F8
write to 485 01 04 00 00 00 46 71 F8
write to 485 01 04 00 00 00 46 71 F8
write to 485 01 04 00 00 00 46 71 F8
write to 485 01 04 00 00 00 46 71 F8
write to 485 01 04 00 00 00 46 71 F8
write to 485 01 04 00 00 00 46 71 F8
write to 485 01 04 00 00 00 46 71 F8
write to 485 01 04 00 00 00 46 71 F8
write to 485 01 04 00 00 00 46 71 F8
write to 485 01 04 00 00 00 46 71 F8
write to 485 01 04 00 00 00 46 71 F8
write to 485 01 04 00 00 00 46 71 F8
write to 485 01 04 00 00 00 46 71 F8
write to 485 01 04 00 00 00 46 71 F8
write to 485 01 04 00 00 00 46 71 F8
write to 485 01 04 00 00 00 46 71 F8
write to 485 01 04 00 00 00 46 71 F8
write to 485 01 04 00 00 00 46 71 F8
