write to 485 01 04 00 00 00 46 71 F8
receive from 485 03 04 04 00 10 1b 
write to 485 01 04 00 00 00 46 71 F8
receive from 485 02 06 03 09 c8 00 06 e2 02 06 04 82 c8 00 10 66 03 04 03 00 00 0a 02 06 03 09 c8 00 06 e2 03 04 04 00 10 1b 03 04 03 00 00 0a 02 06 04 82 c8 00 10 66 03 04 04 00 10 1b 02 06 03 09 c8 00 06 e2 02 06 04 82 c8 00 10 66 03 04 03 00 00 0a 
write to 485 01 04 00 00 00 46 71 F8
receive from 485 02 06 03 09 c8 00 06 e2 03 04 04 00 10 1b 03 04 03 00 00 0a 02 06 04 82 c8 00 10 66 03 04 04 00 10 1b 02 06 03 09 c8 00 06 e2 02 06 04 82 c8 00 10 66 03 04 03 00 00 0a 02 06 03 09 c8 00 06 e2 03 04 04 00 10 1b 03 04 03 00 00 0a 
write to 485 01 04 00 00 00 46 71 F8
receive from 485 02 06 04 82 c8 00 10 66 03 04 04 00 10 1b 02 06 03 09 c8 00 06 e2 02 06 04 82 c8 00 10 66 03 04 03 00 00 0a 02 06 03 09 c8 00 06 e2 03 04 04 00 10 1b 03 04 03 00 00 0a 02 06 04 82 c8 00 10 66 03 04 04 00 10 1b 02 06 03 09 c8 00 06 e2 
write to 485 01 04 00 00 00 46 71 F8
receive from 485 02 06 04 82 c8 00 10 66 03 04 03 00 00 0a 02 06 03 09 c8 00 06 e2 03 04 04 00 10 1b 03 04 03 00 00 0a 02 06 04 82 c8 00 10 66 03 04 04 00 10 1b 02 06 03 09 c8 00 06 e2 02 06 04 82 c8 00 10 66 03 04 03 00 00 0a 02 06 03 09 c8 00 06 e2 
write to 485 01 04 00 00 00 46 71 F8
receive from 485 03 04 04 00 10 1b 03 04 03 00 00 0a 02 06 04 82 c8 00 10 66 03 04 04 00 10 1b 02 06 03 09 c8 00 06 e2 02 06 04 82 c8 00 10 66 03 04 03 00 00 0a 02 06 03 09 c8 00 06 e2 03 04 04 00 10 1b 03 04 03 00 00 0a 02 06 04 82 c8 00 10 66 
write to 485 01 04 00 00 00 46 71 F8
receive from 485 03 04 04 00 10 1b 02 06 03 09 c8 00 06 e2 02 06 04 82 c8 00 10 66 03 04 03 00 00 0a 02 06 03 09 c8 00 06 e2 03 04 04 00 10 1b 03 04 03 00 00 0a 02 06 04 82 c8 00 10 66 03 04 04 00 10 1b 02 06 03 09 c8 00 06 e2 02 06 04 82 c8 00 10 66 
write to 485 01 04 00 00 00 46 71 F8
receive from 485 03 04 03 00 00 0a 02 06 03 09 c8 00 06 e2 03 04 04 00 10 1b 03 04 03 00 00 0a 02 06 04 82 c8 00 10 66 03 04 04 00 10 1b 02 06 03 09 c8 00 06 e2 02 06 04 82 c8 00 10 66 03 04 03 00 00 0a 02 06 03 09 c8 00 06 e2 03 04 04 00 10 1b 
write to 485 01 04 00 00 00 46 71 F8
receive from 485 03 04 03 00 00 0a 02 06 04 82 c8 00 10 66 03 04 04 00 10 1b 02 06 03 09 c8 00 06 e2 02 06 04 82 c8 00 10 66 03 04 03 00 00 0a 02 06 03 09 c8 00 06 e2 03 04 04 00 10 1b 03 04 03 00 00 0a 02 06 04 82 c8 00 10 66 03 04 04 00 10 1b 
write to 485 01 04 00 00 00 46 71 F8
receive from 485 02 06 03 09 c8 00 06 e2 02 06 04 82 c8 00 10 66 03 04 03 00 00 0a 02 06 03 09 c8 00 06 e2 03 04 04 00 10 1b 03 04 03 00 00 0a 02 06 04 82 c8 00 10 66 03 04 04 00 10 1b 02 06 03 09 c8 00 06 e2 02 06 04 82 c8 00 10 66 03 04 03 00 00 0a 
write to 485 01 04 00 00 00 46 71 F8
receive from 485 02 06 03 09 c8 00 06 e2 03 04 04 00 10 1b 03 04 03 00 00 0a 02 06 04 82 c8 00 10 66 03 04 04 00 10 1b 02 06 03 09 c8 00 06 e2 02 06 04 82 c8 00 10 66 03 04 03 00 00 0a 02 06 03 09 c8 00 06 e2 03 04 04 00 10 1b 03 04 03 00 00 0a 
write to 485 01 04 00 00 00 46 71 F8
receive from 485 02 06 04 82 c8 00 10 66 03 04 04 00 10 1b 02 06 03 09 c8 00 06 e2 02 06 04 82 c8 00 10 66 03 04 03 00 00 0a 02 06 03 09 c8 00 06 e2 03 04 04 00 10 1b 03 04 03 00 00 0a 02 06 04 82 c8 00 10 66 03 04 04 00 10 1b 02 06 03 09 c8 00 06 e2 
write to 485 01 04 00 00 00 46 71 F8
receive from 485 02 06 04 82 c8 00 10 66 03 04 03 00 00 0a 02 06 03 09 c8 00 06 e2 03 04 04 00 10 1b 03 04 03 00 00 0a 02 06 04 82 c8 00 10 66 03 04 04 00 10 1b 02 06 03 09 c8 00 06 e2 02 06 04 82 c8 00 10 66 03 04 03 00 00 0a 02 06 03 09 c8 00 06 e2 
write to 485 01 04 00 00 00 46 71 F8
receive from 485 03 04 04 00 10 1b 03 04 03 00 00 0a 02 06 04 82 c8 00 10 66 03 04 04 00 10 1b 02 06 03 09 c8 00 06 e2 02 06 04 82 c8 00 10 66 03 04 03 00 00 0a 02 06 03 09 c8 00 06 e2 03 04 04 00 10 1b 03 04 03 00 00 0a 02 06 04 82 c8 00 10 66 
write to 485 01 04 00 00 00 46 71 F8
receive from 485 03 04 04 00 10 1b 02 06 03 09 c8 00 06 e2 02 06 04 82 c8 00 10 66 03 04 03 00 00 0a 02 06 03 09 c8 00 06 e2 03 04 04 00 10 1b 03 04 03 00 00 0a 02 06 04 82 c8 00 10 66 03 04 04 00 10 1b 02 06 03 09 c8 00 06 e2 02 06 04 82 c8 00 10 66 
write to 485 01 04 00 00 00 46 71 F8
receive from 485 03 04 03 00 00 0a 02 06 03 09 c8 00 06 e2 03 04 04 00 10 1b 03 04 03 00 00 0a 02 06 04 82 c8 00 10 66 03 04 04 00 10 1b 02 06 03 09 c8 00 06 e2 02 06 04 82 c8 00 10 66 03 04 03 00 00 0a 02 06 03 09 c8 00 06 e2 03 04 04 00 10 1b 
write to 485 01 04 00 00 00 46 71 F8
receive from 485 03 04 03 00 00 0a 02 06 04 82 c8 00 10 66 03 04 04 00 10 1b 02 06 03 09 c8 00 06 e2 02 06 04 82 c8 00 10 66 03 04 03 00 00 0a 02 06 03 09 c8 00 06 e2 03 04 04 00 10 1b 03 04 03 00 00 0a 02 06 04 82 c8 00 10 66 03 04 04 00 10 1b 
write to 485 01 04 00 00 00 46 71 F8
receive from 485 02 06 03 09 c8 00 06 e2 02 06 04 82 c8 00 10 66 03 04 03 00 00 0a 02 06 03 09 c8 00 06 e2 03 04 04 00 10 1b 03 04 03 00 00 0a 02 06 04 82 c8 00 10 66 03 04 04 00 10 1b 02 06 03 09 c8 00 06 e2 02 06 04 82 c8 00 10 66 03 04 03 00 00 0a 
write to 485 01 04 00 00 00 46 71 F8
receive from 485 02 06 03 09 c8 00 06 e2 03 04 04 00 10 1b 03 04 03 00 00 0a 02 06 04 82 c8 00 10 66 03 04 04 00 10 1b 02 06 03 09 c8 00 06 e2 02 06 04 82 c8 00 10 66 03 04 03 00 00 0a 02 06 03 09 c8 00 06 e2 03 04 04 00 10 1b 03 04 03 00 00 0a 
write to 485 01 04 00 00 00 46 71 F8
receive from 485 02 06 04 82 c8 00 10 66 03 04 04 00 10 1b 02 06 03 09 c8 00 06 e2 02 06 04 82 c8 00 10 66 03 04 03 00 00 0a 02 06 03 09 c8 00 06 e2 03 04 04 00 10 1b 03 04 03 00 00 0a 02 06 04 82 c8 00 10 66 03 04 04 00 10 1b 02 06 03 09 c8 00 06 e2 
write to 485 01 04 00 00 00 46 71 F8
receive from 485 02 06 04 82 c8 00 10 66 03 04 03 00 00 0a 02 06 03 09 c8 00 06 e2 03 04 04 00 10 1b 03 04 03 00 00 0a 02 06 04 82 c8 00 10 66 03 04 04 00 10 1b 02 06 03 09 c8 00 06 e2 02 06 04 82 c8 00 10 66 03 04 03 00 00 0a 02 06 03 09 c8 00 06 e2 
write to 485 01 04 00 00 00 46 71 F8
receive from 485 03 04 04 00 10 1b 03 04 03 00 00 0a 02 06 04 82 c8 00 10 66 03 04 04 00 10 1b 02 06 03 09 c8 00 06 e2 02 06 04 82 c8 00 10 66 03 04 03 00 00 0a 02 06 03 09 c8 00 06 e2 03 04 04 00 10 1b 03 04 03 00 00 0a 02 06 04 82 c8 00 10 66 
write to 485 01 04 00 00 00 46 71 F8
receive from 485 03 04 04 00 10 1b 02 06 03 09 c8 00 06 e2 02 06 04 82 c8 00 10 66 03 04 03 00 00 0a 02 06 03 09 c8 00 06 e2 03 04 04 00 10 1b 03 04 03 00 00 0a 02 06 04 82 c8 00 10 66 03 04 04 00 10 1b 02 06 03 09 c8 00 06 e2 02 06 04 82 c8 00 10 66 
write to 485 01 04 00 00 00 46 71 F8
receive from 485 03 04 03 00 00 0a 02 06 03 09 c8 00 06 e2 03 04 04 00 10 1b 03 04 03 00 00 0a 02 06 04 82 c8 00 10 66 03 04 04 00 10 1b 02 06 03 09 c8 00 06 e2 02 06 04 82 c8 00 10 66 03 04 03 00 00 0a 02 06 03 09 c8 00 06 e2 03 04 04 00 10 1b 
write to 485 01 04 00 00 00 46 71 F8
receive from 485 03 04 03 00 00 0a 02 06 04 82 c8 00 10 66 03 04 04 00 10 1b 02 06 03 09 c8 00 06 e2 02 06 04 82 c8 00 10 66 03 04 03 00 00 0a 02 06 03 09 c8 00 06 e2 03 04 04 00 10 1b 03 04 03 00 00 0a 02 06 04 82 c8 00 10 66 03 04 04 00 10 1b 
write to 485 01 04 00 00 00 46 71 F8
receive from 485 02 06 03 09 c8 00 06 e2 02 06 04 82 c8 00 10 66 03 04 03 00 00 0a 02 06 03 09 c8 00 06 e2 03 04 04 00 10 1b 03 04 03 00 00 0a 02 06 04 82 c8 00 10 66 03 04 04 00 10 1b 02 06 03 09 c8 00 06 e2 02 06 04 82 c8 00 10 66 03 04 03 00 00 0a 
write to 485 01 04 00 00 00 46 71 F8
receive from 485 02 06 03 09 c8 00 06 e2 03 04 04 00 10 1b 03 04 03 00 00 0a 02 06 04 82 c8 00 10 66 03 04 04 00 10 1b 02 06 03 09 c8 00 06 e2 02 06 04 82 c8 00 10 66 03 04 03 00 00 0a 02 06 03 09 c8 00 06 e2 03 04 04 00 10 1b 03 04 03 00 00 0a 
write to 485 01 04 00 00 00 46 71 F8
receive from 485 02 06 04 82 c8 00 10 66 03 04 04 00 10 1b 02 06 03 09 c8 00 06 e2 02 06 04 82 c8 00 10 66 03 04 03 00 00 0a 02 06 03 09 c8 00 06 e2 03 04 04 00 10 1b 03 04 03 00 00 0a 02 06 04 82 c8 00 10 66 03 04 04 00 10 1b 02 06 03 09 c8 00 06 e2 
write to 485 01 04 00 00 00 46 71 F8
receive from 485 02 06 04 82 c8 00 10 66 03 04 03 00 00 0a 02 06 03 09 c8 00 06 e2 03 04 04 00 10 1b 03 04 03 00 00 0a 02 06 04 82 c8 00 10 66 03 04 04 00 10 1b 02 06 03 09 c8 00 06 e2 02 06 04 82 c8 00 10 66 03 04 03 00 00 0a 02 06 03 09 c8 00 06 e2 
write to 485 01 04 00 00 00 46 71 F8
receive from 485 03 04 04 00 10 1b 03 04 03 00 00 0a 02 06 04 82 c8 00 10 66 03 04 04 00 10 1b 02 06 03 09 c8 00 06 e2 02 06 04 82 c8 00 10 66 03 04 03 00 00 0a 02 06 03 09 c8 00 06 e2 03 04 04 00 10 1b 03 04 03 00 00 0a 02 06 04 82 c8 00 10 66 
write to 485 01 04 00 00 00 46 71 F8
receive from 485 03 04 04 00 10 1b 02 06 03 09 c8 00 06 e2 02 06 04 82 c8 00 10 66 03 04 03 00 00 0a 02 06 03 09 c8 00 06 e2 03 04 04 00 10 1b 03 04 03 00 00 0a 02 06 04 82 c8 00 10 66 03 04 04 00 10 1b 02 06 03 09 c8 00 06 e2 02 06 04 82 c8 00 10 66 
write to 485 01 04 00 00 00 46 71 F8
receive from 485 03 04 03 00 00 0a 02 06 03 09 c8 00 06 e2 03 04 04 00 10 1b 03 04 03 00 00 0a 02 06 04 82 c8 00 10 66 03 04 04 00 10 1b 02 06 03 09 c8 00 06 e2 02 06 04 82 c8 00 10 66 03 04 03 00 00 0a 02 06 03 09 c8 00 06 e2 03 04 04 00 10 1b 
write to 485 01 04 00 00 00 46 71 F8
receive from 485 03 04 03 00 00 0a 02 06 04 82 c8 00 10 66 03 04 04 00 10 1b 02 06 03 09 c8 00 06 e2 02 06 04 82 c8 00 10 66 03 04 03 00 00 0a 02 06 03 09 c8 00 06 e2 03 04 04 00 10 1b 03 04 03 00 00 0a 02 06 04 82 c8 00 10 66 03 04 04 00 10 1b 
write to 485 01 04 00 00 00 46 71 F8
receive from 485 02 06 03 09 c8 00 06 e2 02 06 04 82 c8 00 10 66 03 04 03 00 00 0a 02 06 03 09 c8 00 06 e2 03 04 04 00 10 1b 03 04 03 00 00 0a 02 06 04 82 c8 00 10 66 03 04 04 00 10 1b 02 06 03 09 c8 00 06 e2 02 06 04 82 c8 00 10 66 03 04 03 00 00 0a 
write to 485 01 04 00 00 00 46 71 F8
receive from 485 02 06 03 09 c8 00 06 e2 03 04 04 00 10 1b 03 04 03 00 00 0a 02 06 04 82 c8 00 10 66 03 04 04 00 10 1b 02 06 03 09 c8 00 06 e2 02 06 04 82 c8 00 10 66 03 04 03 00 00 0a 02 06 03 09 c8 00 06 e2 03 04 04 00 10 1b 03 04 03 00 00 0a 
write to 485 01 04 00 00 00 46 71 F8
receive from 485 02 06 04 82 c8 00 10 66 03 04 04 00 10 1b 02 06 03 09 c8 00 06 e2 02 06 04 82 c8 00 10 66 03 04 03 00 00 0a 02 06 03 09 c8 00 06 e2 03 04 04 00 10 1b 03 04 03 00 00 0a 02 06 04 82 c8 00 10 66 03 04 04 00 10 1b 02 06 03 09 c8 00 06 e2 
write to 485 01 04 00 00 00 46 71 F8
receive from 485 02 06 04 82 c8 00 10 66 03 04 03 00 00 0a 02 06 03 09 c8 00 06 e2 03 04 04 00 10 1b 03 04 03 00 00 0a 02 06 04 82 c8 00 10 66 03 04 04 00 10 1b 02 06 03 09 c8 00 06 e2 02 06 04 82 c8 00 10 66 03 04 03 00 00 0a 02 06 03 09 c8 00 06 e2 
write to 485 01 04 00 00 00 46 71 F8
receive from 485 03 04 04 00 10 1b 03 04 03 00 00 0a 02 06 04 82 c8 00 10 66 03 04 04 00 10 1b 02 06 03 09 c8 00 06 e2 02 06 04 82 c8 00 10 66 03 04 03 00 00 0a 02 06 03 09 c8 00 06 e2 03 04 04 00 10 1b 03 04 03 00 00 0a 02 06 04 82 c8 00 10 66 
write to 485 01 04 00 00 00 46 71 F8
receive from 485 03 04 04 00 10 1b 02 06 03 09 c8 00 06 e2 02 06 04 82 c8 00 10 66 03 04 03 00 00 0a 02 06 03 09 c8 00 06 e2 03 04 04 00 10 1b 03 04 03 00 00 0a 02 06 04 82 c8 00 10 66 03 04 04 00 10 1b 02 06 03 09 c8 00 06 e2 02 06 04 82 c8 00 10 66 03 04 04 00 10 1b 
write to 485 01 04 00 00 00 46 71 F8
receive from 485 02 06 03 09 c8 00 06 e2 03 04 04 00 10 1b 03 04 03 00 00 0a 02 06 04 82 c8 00 10 66 03 04 04 00 10 1b 02 06 03 09 c8 00 06 e2 02 06 04 82 c8 00 10 66 03 04 03 00 00 0a 02 06 03 09 c8 00 06 e2 03 04 04 00 10 1b 03 04 03 00 00 0a 
write to 485 01 04 00 00 00 46 71 F8
receive from 485 02 06 04 82 c8 00 10 66 03 04 04 00 10 1b 02 06 03 09 c8 00 06 e2 02 06 04 82 c8 00 10 66 03 04 03 00 00 0a 02 06 03 09 c8 00 06 e2 03 04 04 00 10 1b 03 04 03 00 00 0a 02 06 04 82 c8 00 10 66 03 04 04 00 10 1b 02 06 03 09 c8 00 06 e2 
write to 485 01 04 00 00 00 46 71 F8
receive from 485 02 06 04 82 c8 00 10 66 03 04 03 00 00 0a 02 06 03 09 c8 00 06 e2 03 04 04 00 10 1b 03 04 03 00 00 0a 02 06 04 82 c8 00 10 66 03 04 04 00 10 1b 02 06 03 09 c8 00 06 e2 02 06 04 82 c8 00 10 66 03 04 03 00 00 0a 02 06 03 09 c8 00 06 e2 
write to 485 01 04 00 00 00 46 71 F8
receive from 485 03 04 04 00 10 1b 03 04 03 00 00 0a 02 06 04 82 c8 00 10 66 03 04 04 00 10 1b 02 06 03 09 c8 00 06 e2 02 06 04 82 c8 00 10 66 03 04 03 00 00 0a 02 06 03 09 c8 00 06 e2 03 04 04 00 10 1b 03 04 03 00 00 0a 02 06 04 82 c8 00 10 66 
write to 485 01 04 00 00 00 46 71 F8
receive from 485 03 04 04 00 10 1b 02 06 03 09 c8 00 06 e2 02 06 04 82 c8 00 10 66 03 04 03 00 00 0a 02 06 03 09 c8 00 06 e2 03 04 04 00 10 1b 03 04 03 00 00 0a 02 06 04 82 c8 00 10 66 03 04 04 00 10 1b 02 06 03 09 c8 00 06 e2 02 06 04 82 c8 00 10 66 
write to 485 01 04 00 00 00 46 71 F8
receive from 485 03 04 03 00 00 0a 02 06 03 09 c8 00 06 e2 03 04 04 00 10 1b 03 04 03 00 00 0a 02 06 04 82 c8 00 10 66 03 04 04 00 10 1b 02 06 03 09 c8 00 06 e2 02 06 04 82 c8 00 10 66 03 04 03 00 00 0a 02 06 03 09 c8 00 06 e2 03 04 04 00 10 1b 
write to 485 01 04 00 00 00 46 71 F8
receive from 485 03 04 03 00 00 0a 02 06 04 82 c8 00 10 66 03 04 04 00 10 1b 02 06 03 09 c8 00 06 e2 02 06 04 82 c8 00 10 66 03 04 03 00 00 0a 02 06 03 09 c8 00 06 e2 03 04 04 00 10 1b 03 04 03 00 00 0a 02 06 04 82 c8 00 10 66 03 04 04 00 10 1b 
write to 485 01 04 00 00 00 46 71 F8
receive from 485 02 06 03 09 c8 00 06 e2 02 06 04 82 c8 00 10 66 03 04 03 00 00 0a 02 06 03 09 c8 00 06 e2 03 04 04 00 10 1b 03 04 03 00 00 0a 02 06 04 82 c8 00 10 66 03 04 04 00 10 1b 02 06 03 09 c8 00 06 e2 02 06 04 82 c8 00 10 66 03 04 03 00 00 0a 
write to 485 01 04 00 00 00 46 71 F8
receive from 485 02 06 03 09 c8 00 06 e2 03 04 04 00 10 1b 03 04 03 00 00 0a 02 06 04 82 c8 00 10 66 03 04 04 00 10 1b 02 06 03 09 c8 00 06 e2 02 06 04 82 c8 00 10 66 03 04 03 00 00 0a 02 06 03 09 c8 00 06 e2 03 04 04 00 10 1b 03 04 03 00 00 0a 
write to 485 01 04 00 00 00 46 71 F8
receive from 485 02 06 04 82 c8 00 10 66 03 04 04 00 10 1b 02 06 03 09 c8 00 06 e2 02 06 04 82 c8 00 10 66 03 04 03 00 00 0a 02 06 03 09 c8 00 06 e2 03 04 04 00 10 1b 03 04 03 00 00 0a 02 06 04 82 c8 00 10 66 03 04 04 00 10 1b 02 06 03 09 c8 00 06 e2 
write to 485 01 04 00 00 00 46 71 F8
receive from 485 02 06 04 82 c8 00 10 66 03 04 03 00 00 0a 02 06 03 09 c8 00 06 e2 03 04 04 00 10 1b 03 04 03 00 00 0a 02 06 04 82 c8 00 10 66 03 04 04 00 10 1b 02 06 03 09 c8 00 06 e2 02 06 04 82 c8 00 10 66 03 04 03 00 00 0a 02 06 03 09 c8 00 06 e2 
write to 485 01 04 00 00 00 46 71 F8
receive from 485 03 04 04 00 10 1b 03 04 03 00 00 0a 02 06 04 82 c8 00 10 66 03 04 04 00 10 1b 02 06 03 09 c8 00 06 e2 02 06 04 82 c8 00 10 66 03 04 03 00 00 0a 02 06 03 09 c8 00 06 e2 03 04 04 00 10 1b 03 04 03 00 00 0a 02 06 04 82 c8 00 10 66 
write to 485 01 04 00 00 00 46 71 F8
receive from 485 03 04 04 00 10 1b 02 06 03 09 c8 00 06 e2 02 06 04 82 c8 00 10 66 03 04 03 00 00 0a 02 06 03 09 c8 00 06 e2 03 04 04 00 10 1b 03 04 03 00 00 0a 02 06 04 82 c8 00 10 66 03 04 04 00 10 1b 02 06 03 09 c8 00 06 e2 02 06 04 82 c8 00 10 66 
write to 485 01 04 00 00 00 46 71 F8
receive from 485 03 04 03 00 00 0a 02 06 03 09 c8 00 06 e2 03 04 04 00 10 1b 03 04 03 00 00 0a 02 06 04 82 c8 00 10 66 03 04 04 00 10 1b 02 06 03 09 c8 00 06 e2 02 06 04 82 c8 00 10 66 03 04 03 00 00 0a 02 06 03 09 c8 00 06 e2 03 04 04 00 10 1b 
write to 485 01 04 00 00 00 46 71 F8
receive from 485 03 04 03 00 00 0a 02 06 04 82 c8 00 10 66 03 04 04 00 10 1b 02 06 03 09 c8 00 06 e2 02 06 04 82 c8 00 10 66 03 04 03 00 00 0a 02 06 03 09 c8 00 06 e2 03 04 04 00 10 1b 03 04 03 00 00 0a 02 06 04 82 c8 00 10 66 03 04 04 00 10 1b 
write to 485 01 04 00 00 00 46 71 F8
receive from 485 02 06 03 09 c8 00 06 e2 02 06 04 82 c8 00 10 66 03 04 03 00 00 0a 02 06 03 09 c8 00 06 e2 03 04 04 00 10 1b 03 04 03 00 00 0a 02 06 04 82 c8 00 10 66 03 04 04 00 10 1b 02 06 03 09 c8 00 06 e2 02 06 04 82 c8 00 10 66 03 04 03 00 00 0a 
write to 485 01 04 00 00 00 46 71 F8
receive from 485 02 06 03 09 c8 00 06 e2 03 04 04 00 10 1b 03 04 03 00 00 0a 02 06 04 82 c8 00 10 66 03 04 04 00 10 1b 02 06 03 09 c8 00 06 e2 02 06 04 82 c8 00 10 66 03 04 03 00 00 0a 02 06 03 09 c8 00 06 e2 03 04 04 00 10 1b 03 04 03 00 00 0a 
write to 485 01 04 00 00 00 46 71 F8
receive from 485 02 06 04 82 c8 00 10 66 03 04 04 00 10 1b 02 06 03 09 c8 00 06 e2 
write to 485 01 04 00 00 00 46 71 F8
receive from 485 01 04 8c 40 34 ff ff ff ff 00 42 01 00 32 05 00 01 01 38 21 73 20 62 53 43 41 36 30 4b 54 4c 2d 44 4f 2f 55 53 2d 34 38 30 00 00 00 5c 10 00 00 00 16 d4 00 47 00 00 00 00 00 0e 13 4d 00 00 00 00 13 87 13 49 13 5f 00 00 00 00 00 00 0b d2 00 00 00 00 00 00 00 00 00 00 02 58 01 d5 01 9f 00 00 20 00 20 00 00 00 00 00 00 00 00 00 00 00 00 00 00 00 00 00 00 00 00 00 00 00 ff ff ff ff ff ff ff ff ff ff 08 07 00 00 0c e4 00 28 00 00 61 bf 
write to 485 01 04 00 00 00 46 71 F8
